Base path: E:/Developer/Applications/Editor/Data
Pipe name: \\.\pipe\UnityShaderCompiler-64bit-3-5484
Cmd: getPlatforms
Cmd: compileSnippet
  api=0 type=0 insize=977 outsize=10171 kw=DIRECTIONAL SHADOWS_SCREEN LIGHTMAP_OFF DIRLIGHTMAP_OFF DYNAMICLIGHTMAP_OFF ok=1
Cmd: compileSnippet
  api=1 type=1 insize=977 outsize=3719 kw=DIRECTIONAL SHADOWS_OFF LIGHTMAP_OFF DIRLIGHTMAP_OFF DYNAMICLIGHTMAP_OFF ok=1
Cmd: compileSnippet
  api=0 type=0 insize=934 outsize=5509 kw=DIRECTIONAL SHADOWS_OFF ok=1
Cmd: compileSnippet
  api=1 type=0 insize=934 outsize=901 kw=POINT_COOKIE SHADOWS_OFF ok=1
Cmd: compileSnippet
  api=0 type=0 insize=934 outsize=5780 kw=DIRECTIONAL_COOKIE SHADOWS_OFF ok=1
Cmd: compileSnippet
  api=1 type=0 insize=934 outsize=1051 kw=DIRECTIONAL_COOKIE SHADOWS_SCREEN ok=1
Cmd: compileSnippet
  api=4 type=0 insize=934 outsize=5084 kw=DIRECTIONAL_COOKIE SHADOWS_SCREEN ok=1
Cmd: compileSnippet
  api=0 type=0 insize=934 outsize=6632 kw=POINT SHADOWS_CUBE ok=1
Cmd: compileSnippet
  api=0 type=0 insize=934 outsize=7566 kw=POINT SHADOWS_CUBE SHADOWS_SOFT ok=1
Cmd: compileSnippet
  api=0 type=1 insize=934 outsize=6 kw=DIRECTIONAL SHADOWS_OFF ok=1
Cmd: compileSnippet
  api=0 type=1 insize=934 outsize=6 kw=SPOT SHADOWS_OFF ok=1
Cmd: compileSnippet
  api=1 type=1 insize=934 outsize=2277 kw=SPOT SHADOWS_OFF ok=1
Cmd: compileSnippet
  api=0 type=1 insize=934 outsize=6 kw=DIRECTIONAL_COOKIE SHADOWS_OFF ok=1
Cmd: compileSnippet
  api=1 type=1 insize=934 outsize=2130 kw=DIRECTIONAL_COOKIE SHADOWS_OFF ok=1
Cmd: compileSnippet
  api=0 type=1 insize=934 outsize=6 kw=DIRECTIONAL SHADOWS_SCREEN ok=1
Cmd: compileSnippet
  api=1 type=1 insize=934 outsize=2128 kw=DIRECTIONAL SHADOWS_SCREEN ok=1
Cmd: compileSnippet
  api=0 type=1 insize=934 outsize=6 kw=POINT SHADOWS_CUBE ok=1
Cmd: compileSnippet
  api=1 type=1 insize=934 outsize=2355 kw=POINT SHADOWS_CUBE ok=1
Cmd: compileSnippet
  api=0 type=1 insize=934 outsize=6 kw=SPOT SHADOWS_DEPTH SHADOWS_SOFT SHADOWS_NATIVE ok=1
Cmd: compileSnippet
  api=1 type=1 insize=934 outsize=2594 kw=SPOT SHADOWS_DEPTH SHADOWS_SOFT SHADOWS_NATIVE ok=1
Cmd: compileSnippet
  api=0 type=1 insize=934 outsize=6 kw=POINT_COOKIE SHADOWS_CUBE SHADOWS_SOFT ok=1
Cmd: compileSnippet
  api=1 type=1 insize=934 outsize=2633 kw=POINT_COOKIE SHADOWS_CUBE SHADOWS_SOFT ok=1
Cmd: compileSnippet
  api=0 type=0 insize=751 outsize=487 kw=SHADOWS_CUBE ok=1
Cmd: compileSnippet
  api=1 type=1 insize=751 outsize=98 kw=SHADOWS_CUBE ok=1
Cmd: compileSnippet
  api=1 type=0 insize=1148 outsize=842 kw=LIGHTMAP_OFF DIRLIGHTMAP_OFF DYNAMICLIGHTMAP_OFF ok=1
Cmd: compileSnippet
  api=1 type=0 insize=1148 outsize=842 kw=LIGHTMAP_OFF DIRLIGHTMAP_OFF DYNAMICLIGHTMAP_OFF UNITY_HDR_ON ok=1
Cmd: compileSnippet
  api=4 type=1 insize=1148 outsize=7790 kw=LIGHTMAP_OFF DIRLIGHTMAP_OFF DYNAMICLIGHTMAP_OFF ok=1
Cmd: compileSnippet
  api=4 type=0 insize=903 outsize=4313 kw=DIRECTIONAL SHADOWS_OFF LIGHTMAP_OFF DIRLIGHTMAP_OFF DYNAMICLIGHTMAP_OFF ok=1
Cmd: compileSnippet
  api=1 type=0 insize=903 outsize=979 kw=DIRECTIONAL SHADOWS_SCREEN LIGHTMAP_OFF DIRLIGHTMAP_OFF DYNAMICLIGHTMAP_OFF ok=1
Cmd: compileSnippet
  api=0 type=0 insize=903 outsize=6181 kw=DIRECTIONAL SHADOWS_OFF LIGHTMAP_OFF DIRLIGHTMAP_OFF DYNAMICLIGHTMAP_OFF VERTEXLIGHT_ON ok=1
Cmd: compileSnippet
  api=4 type=1 insize=903 outsize=3825 kw=DIRECTIONAL SHADOWS_OFF LIGHTMAP_OFF DIRLIGHTMAP_OFF DYNAMICLIGHTMAP_OFF ok=1
Cmd: compileSnippet
  api=8 type=1 insize=903 outsize=6191 kw=DIRECTIONAL SHADOWS_SCREEN SHADOWS_NATIVE LIGHTMAP_OFF DIRLIGHTMAP_OFF DYNAMICLIGHTMAP_OFF ok=1
Cmd: compileSnippet
  api=4 type=0 insize=812 outsize=5036 kw=POINT SHADOWS_OFF ok=1
Cmd: compileSnippet
  api=1 type=0 insize=812 outsize=781 kw=DIRECTIONAL SHADOWS_OFF ok=1
Cmd: compileSnippet
  api=8 type=0 insize=812 outsize=6086 kw=DIRECTIONAL SHADOWS_OFF ok=1
Cmd: compileSnippet
  api=1 type=0 insize=812 outsize=890 kw=SPOT SHADOWS_OFF ok=1
Cmd: compileSnippet
  api=4 type=0 insize=812 outsize=5036 kw=SPOT SHADOWS_OFF ok=1
Cmd: compileSnippet
  api=8 type=0 insize=812 outsize=7288 kw=SPOT SHADOWS_OFF ok=1
Cmd: compileSnippet
  api=1 type=0 insize=812 outsize=871 kw=POINT_COOKIE SHADOWS_OFF ok=1
Cmd: compileSnippet
  api=8 type=0 insize=812 outsize=7288 kw=POINT_COOKIE SHADOWS_OFF ok=1
Cmd: compileSnippet
  api=4 type=0 insize=812 outsize=4881 kw=DIRECTIONAL_COOKIE SHADOWS_OFF ok=1
Cmd: compileSnippet
  api=0 type=0 insize=812 outsize=5146 kw=SPOT SHADOWS_DEPTH SHADOWS_NATIVE ok=1
Cmd: compileSnippet
  api=0 type=0 insize=812 outsize=5307 kw=POINT SHADOWS_CUBE ok=1
Cmd: compileSnippet
  api=8 type=0 insize=812 outsize=7703 kw=DIRECTIONAL_COOKIE SHADOWS_SCREEN SHADOWS_NATIVE ok=1
Cmd: compileSnippet
  api=1 type=1 insize=812 outsize=730 kw=POINT SHADOWS_OFF ok=1
Cmd: compileSnippet
  api=4 type=1 insize=812 outsize=2371 kw=DIRECTIONAL SHADOWS_OFF ok=1
Cmd: compileSnippet
  api=8 type=1 insize=812 outsize=4737 kw=SPOT SHADOWS_OFF ok=1
Cmd: compileSnippet
  api=8 type=1 insize=812 outsize=3924 kw=DIRECTIONAL_COOKIE SHADOWS_OFF ok=1
Cmd: compileSnippet
  api=0 type=1 insize=812 outsize=6 kw=DIRECTIONAL SHADOWS_SCREEN ok=1
Cmd: compileSnippet
  api=1 type=1 insize=812 outsize=707 kw=DIRECTIONAL SHADOWS_SCREEN ok=1
Cmd: compileSnippet
  api=4 type=1 insize=812 outsize=2948 kw=DIRECTIONAL_COOKIE SHADOWS_SCREEN ok=1
Cmd: compileSnippet
  api=0 type=1 insize=812 outsize=6 kw=POINT_COOKIE SHADOWS_CUBE ok=1
Cmd: compileSnippet
  api=1 type=1 insize=812 outsize=954 kw=POINT_COOKIE SHADOWS_CUBE ok=1
Cmd: compileSnippet
  api=8 type=1 insize=812 outsize=4233 kw=DIRECTIONAL SHADOWS_SCREEN SHADOWS_NATIVE ok=1
Cmd: compileSnippet
  api=4 type=0 insize=600 outsize=3533 kw=SHADOWS_DEPTH ok=1
Cmd: compileSnippet
  api=1 type=0 insize=600 outsize=172 kw=SHADOWS_CUBE ok=1
Cmd: compileSnippet
  api=4 type=0 insize=600 outsize=1420 kw=SHADOWS_CUBE ok=1
Cmd: compileSnippet
  api=4 type=1 insize=600 outsize=380 kw=SHADOWS_DEPTH ok=1
Cmd: compileSnippet
  api=8 type=1 insize=600 outsize=934 kw=SHADOWS_CUBE ok=1
Cmd: compileSnippet
  api=0 type=0 insize=982 outsize=10404 kw=DIRECTIONAL SHADOWS_SCREEN LIGHTMAP_OFF DIRLIGHTMAP_OFF DYNAMICLIGHTMAP_OFF _METALLICGLOSSMAP ok=1
Cmd: compileSnippet
  api=1 type=0 insize=982 outsize=1485 kw=DIRECTIONAL SHADOWS_SCREEN LIGHTMAP_OFF DIRLIGHTMAP_OFF DYNAMICLIGHTMAP_OFF VERTEXLIGHT_ON _METALLICGLOSSMAP ok=1
Cmd: compileSnippet
  api=1 type=0 insize=982 outsize=842 kw=DIRECTIONAL SHADOWS_OFF LIGHTMAP_OFF DIRLIGHTMAP_OFF DYNAMICLIGHTMAP_OFF _ALPHAPREMULTIPLY_ON ok=1
Cmd: compileSnippet
  api=1 type=0 insize=982 outsize=991 kw=DIRECTIONAL SHADOWS_SCREEN LIGHTMAP_OFF DIRLIGHTMAP_OFF DYNAMICLIGHTMAP_OFF _ALPHAPREMULTIPLY_ON ok=1
Cmd: compileSnippet
  api=4 type=0 insize=982 outsize=4337 kw=DIRECTIONAL SHADOWS_SCREEN LIGHTMAP_OFF DIRLIGHTMAP_OFF DYNAMICLIGHTMAP_OFF _ALPHAPREMULTIPLY_ON ok=1
Cmd: compileSnippet
  api=0 type=0 insize=982 outsize=11401 kw=DIRECTIONAL SHADOWS_OFF LIGHTMAP_OFF DIRLIGHTMAP_OFF DYNAMICLIGHTMAP_OFF VERTEXLIGHT_ON _ALPHAPREMULTIPLY_ON ok=1
Cmd: compileSnippet
  api=1 type=1 insize=982 outsize=3744 kw=DIRECTIONAL SHADOWS_OFF LIGHTMAP_OFF DIRLIGHTMAP_OFF DYNAMICLIGHTMAP_OFF _METALLICGLOSSMAP ok=1
Cmd: compileSnippet
  api=1 type=0 insize=938 outsize=901 kw=POINT SHADOWS_OFF _METALLICGLOSSMAP ok=1
Cmd: compileSnippet
  api=1 type=0 insize=938 outsize=808 kw=DIRECTIONAL SHADOWS_OFF _METALLICGLOSSMAP ok=1
Cmd: compileSnippet
  api=1 type=0 insize=938 outsize=915 kw=SPOT SHADOWS_OFF _METALLICGLOSSMAP ok=1
Cmd: compileSnippet
  api=4 type=0 insize=938 outsize=4727 kw=SPOT SHADOWS_OFF _METALLICGLOSSMAP ok=1
Cmd: compileSnippet
  api=0 type=0 insize=938 outsize=6197 kw=POINT_COOKIE SHADOWS_OFF _METALLICGLOSSMAP ok=1
Cmd: compileSnippet
  api=4 type=0 insize=938 outsize=5141 kw=SPOT SHADOWS_DEPTH SHADOWS_NATIVE _METALLICGLOSSMAP ok=1
Cmd: compileSnippet
  api=1 type=0 insize=938 outsize=977 kw=DIRECTIONAL SHADOWS_SCREEN _METALLICGLOSSMAP ok=1
Cmd: compileSnippet
  api=4 type=0 insize=938 outsize=4394 kw=DIRECTIONAL SHADOWS_SCREEN _METALLICGLOSSMAP ok=1
Cmd: compileSnippet
  api=0 type=0 insize=938 outsize=6455 kw=DIRECTIONAL_COOKIE SHADOWS_SCREEN _METALLICGLOSSMAP ok=1
Cmd: compileSnippet
  api=0 type=0 insize=938 outsize=7143 kw=SPOT SHADOWS_DEPTH SHADOWS_SOFT SHADOWS_NATIVE _METALLICGLOSSMAP ok=1
Cmd: compileSnippet
  api=1 type=0 insize=938 outsize=901 kw=POINT SHADOWS_OFF _ALPHAPREMULTIPLY_ON ok=1
Cmd: compileSnippet
  api=4 type=0 insize=938 outsize=4727 kw=POINT SHADOWS_OFF _ALPHAPREMULTIPLY_ON ok=1
Cmd: compileSnippet
  api=0 type=0 insize=938 outsize=5979 kw=DIRECTIONAL SHADOWS_OFF _ALPHAPREMULTIPLY_ON ok=1
Cmd: compileSnippet
  api=0 type=0 insize=938 outsize=6249 kw=DIRECTIONAL_COOKIE SHADOWS_OFF _ALPHAPREMULTIPLY_ON ok=1
Cmd: compileSnippet
  api=0 type=0 insize=938 outsize=6680 kw=DIRECTIONAL_COOKIE SHADOWS_SCREEN _ALPHAPREMULTIPLY_ON ok=1
Cmd: compileSnippet
  api=1 type=0 insize=938 outsize=1005 kw=SPOT SHADOWS_DEPTH SHADOWS_SOFT SHADOWS_NATIVE _ALPHAPREMULTIPLY_ON ok=1
Cmd: compileSnippet
  api=4 type=0 insize=938 outsize=5141 kw=SPOT SHADOWS_DEPTH SHADOWS_SOFT SHADOWS_NATIVE _ALPHAPREMULTIPLY_ON ok=1
Cmd: compileSnippet
  api=0 type=0 insize=938 outsize=8122 kw=POINT SHADOWS_CUBE SHADOWS_SOFT _ALPHAPREMULTIPLY_ON ok=1
Cmd: compileSnippet
  api=4 type=1 insize=938 outsize=6068 kw=POINT SHADOWS_OFF _METALLICGLOSSMAP ok=1
Cmd: compileSnippet
  api=4 type=1 insize=938 outsize=6636 kw=SPOT SHADOWS_OFF _METALLICGLOSSMAP ok=1
Cmd: compileSnippet
  api=4 type=1 insize=938 outsize=5832 kw=DIRECTIONAL_COOKIE SHADOWS_OFF _METALLICGLOSSMAP ok=1
Cmd: compileSnippet
  api=4 type=1 insize=938 outsize=5889 kw=DIRECTIONAL SHADOWS_SCREEN _METALLICGLOSSMAP ok=1
Cmd: compileSnippet
  api=4 type=1 insize=938 outsize=6823 kw=POINT SHADOWS_CUBE _METALLICGLOSSMAP ok=1
Cmd: compileSnippet
  api=4 type=1 insize=938 outsize=7766 kw=SPOT SHADOWS_DEPTH SHADOWS_SOFT SHADOWS_NATIVE _METALLICGLOSSMAP ok=1
Cmd: compileSnippet
  api=4 type=1 insize=938 outsize=7782 kw=POINT_COOKIE SHADOWS_CUBE SHADOWS_SOFT _METALLICGLOSSMAP ok=1
Cmd: compileSnippet
  api=0 type=1 insize=938 outsize=6 kw=SPOT SHADOWS_OFF _ALPHAPREMULTIPLY_ON ok=1
Cmd: compileSnippet
  api=1 type=1 insize=938 outsize=2358 kw=SPOT SHADOWS_OFF _ALPHAPREMULTIPLY_ON ok=1
Cmd: compileSnippet
  api=0 type=1 insize=938 outsize=6 kw=DIRECTIONAL_COOKIE SHADOWS_OFF _ALPHAPREMULTIPLY_ON ok=1
Cmd: compileSnippet
  api=1 type=1 insize=938 outsize=2191 kw=DIRECTIONAL_COOKIE SHADOWS_OFF _ALPHAPREMULTIPLY_ON ok=1
Cmd: compileSnippet
  api=0 type=1 insize=938 outsize=6 kw=DIRECTIONAL SHADOWS_SCREEN _ALPHAPREMULTIPLY_ON ok=1
Cmd: compileSnippet
  api=1 type=1 insize=938 outsize=2189 kw=DIRECTIONAL SHADOWS_SCREEN _ALPHAPREMULTIPLY_ON ok=1
Cmd: compileSnippet
  api=0 type=1 insize=938 outsize=6 kw=POINT SHADOWS_CUBE _ALPHAPREMULTIPLY_ON ok=1
Cmd: compileSnippet
  api=1 type=1 insize=938 outsize=2439 kw=POINT SHADOWS_CUBE _ALPHAPREMULTIPLY_ON ok=1
Cmd: compileSnippet
  api=0 type=1 insize=938 outsize=6 kw=SPOT SHADOWS_DEPTH SHADOWS_SOFT SHADOWS_NATIVE _ALPHAPREMULTIPLY_ON ok=1
Cmd: compileSnippet
  api=1 type=1 insize=938 outsize=2733 kw=SPOT SHADOWS_DEPTH SHADOWS_SOFT SHADOWS_NATIVE _ALPHAPREMULTIPLY_ON ok=1
Cmd: compileSnippet
  api=0 type=1 insize=938 outsize=6 kw=POINT_COOKIE SHADOWS_CUBE SHADOWS_SOFT _ALPHAPREMULTIPLY_ON ok=1
Cmd: compileSnippet
  api=1 type=1 insize=938 outsize=2735 kw=POINT_COOKIE SHADOWS_CUBE SHADOWS_SOFT _ALPHAPREMULTIPLY_ON ok=1
Cmd: compileSnippet
  api=0 type=0 insize=751 outsize=976 kw=SHADOWS_CUBE _ALPHAPREMULTIPLY_ON ok=1
Cmd: compileSnippet
  api=0 type=1 insize=751 outsize=6 kw=SHADOWS_DEPTH _ALPHAPREMULTIPLY_ON ok=1
Cmd: compileSnippet
  api=4 type=1 insize=751 outsize=1436 kw=SHADOWS_CUBE _ALPHAPREMULTIPLY_ON ok=1
Cmd: compileSnippet
  api=0 type=0 insize=1152 outsize=8489 kw=LIGHTMAP_OFF DIRLIGHTMAP_OFF DYNAMICLIGHTMAP_OFF _ALPHAPREMULTIPLY_ON ok=1
Cmd: compileSnippet
  api=1 type=0 insize=1152 outsize=842 kw=LIGHTMAP_OFF DIRLIGHTMAP_OFF DYNAMICLIGHTMAP_OFF UNITY_HDR_ON _ALPHAPREMULTIPLY_ON ok=1
Cmd: compileSnippet
  api=0 type=1 insize=1152 outsize=6 kw=LIGHTMAP_OFF DIRLIGHTMAP_OFF DYNAMICLIGHTMAP_OFF _ALPHAPREMULTIPLY_ON ok=1
Cmd: compileSnippet
  api=4 type=1 insize=1152 outsize=7912 kw=LIGHTMAP_OFF DIRLIGHTMAP_OFF DYNAMICLIGHTMAP_OFF _ALPHAPREMULTIPLY_ON ok=1
Cmd: compileSnippet
  api=0 type=1 insize=1152 outsize=6 kw=LIGHTMAP_OFF DIRLIGHTMAP_OFF DYNAMICLIGHTMAP_OFF UNITY_HDR_ON _METALLICGLOSSMAP ok=1
Cmd: compileSnippet
  api=1 type=1 insize=1152 outsize=2390 kw=LIGHTMAP_OFF DIRLIGHTMAP_OFF DYNAMICLIGHTMAP_OFF UNITY_HDR_ON _ALPHAPREMULTIPLY_ON ok=1
Cmd: compileSnippet
  api=8 type=0 insize=886 outsize=6346 kw=DIRECTIONAL SHADOWS_OFF LIGHTMAP_OFF DIRLIGHTMAP_OFF DYNAMICLIGHTMAP_OFF _METALLICGLOSSMAP ok=1
Cmd: compileSnippet
  api=4 type=0 insize=886 outsize=4670 kw=DIRECTIONAL SHADOWS_SCREEN LIGHTMAP_OFF DIRLIGHTMAP_OFF DYNAMICLIGHTMAP_OFF _METALLICGLOSSMAP ok=1
Cmd: compileSnippet
  api=1 type=0 insize=886 outsize=1345 kw=DIRECTIONAL SHADOWS_OFF LIGHTMAP_OFF DIRLIGHTMAP_OFF DYNAMICLIGHTMAP_OFF VERTEXLIGHT_ON _METALLICGLOSSMAP ok=1
Cmd: compileSnippet
  api=4 type=0 insize=886 outsize=5726 kw=DIRECTIONAL SHADOWS_OFF LIGHTMAP_OFF DIRLIGHTMAP_OFF DYNAMICLIGHTMAP_OFF VERTEXLIGHT_ON _METALLICGLOSSMAP ok=1
Cmd: compileSnippet
  api=8 type=0 insize=886 outsize=8653 kw=DIRECTIONAL SHADOWS_OFF LIGHTMAP_OFF DIRLIGHTMAP_OFF DYNAMICLIGHTMAP_OFF VERTEXLIGHT_ON _METALLICGLOSSMAP ok=1
Cmd: compileSnippet
  api=1 type=0 insize=886 outsize=1473 kw=DIRECTIONAL SHADOWS_SCREEN LIGHTMAP_OFF DIRLIGHTMAP_OFF DYNAMICLIGHTMAP_OFF VERTEXLIGHT_ON _METALLICGLOSSMAP ok=1
Cmd: compileSnippet
  api=8 type=0 insize=886 outsize=7402 kw=DIRECTIONAL SHADOWS_SCREEN SHADOWS_NATIVE LIGHTMAP_OFF DIRLIGHTMAP_OFF DYNAMICLIGHTMAP_OFF _METALLICGLOSSMAP ok=1
Cmd: compileSnippet
  api=1 type=0 insize=886 outsize=851 kw=DIRECTIONAL SHADOWS_OFF LIGHTMAP_OFF DIRLIGHTMAP_OFF DYNAMICLIGHTMAP_OFF _ALPHAPREMULTIPLY_ON ok=1
Cmd: compileSnippet
  api=4 type=0 insize=886 outsize=4313 kw=DIRECTIONAL SHADOWS_OFF LIGHTMAP_OFF DIRLIGHTMAP_OFF DYNAMICLIGHTMAP_OFF _ALPHAPREMULTIPLY_ON ok=1
Cmd: compileSnippet
  api=0 type=0 insize=886 outsize=5763 kw=DIRECTIONAL SHADOWS_SCREEN LIGHTMAP_OFF DIRLIGHTMAP_OFF DYNAMICLIGHTMAP_OFF _ALPHAPREMULTIPLY_ON ok=1
Cmd: compileSnippet
  api=4 type=0 insize=886 outsize=6084 kw=DIRECTIONAL SHADOWS_SCREEN LIGHTMAP_OFF DIRLIGHTMAP_OFF DYNAMICLIGHTMAP_OFF VERTEXLIGHT_ON _ALPHAPREMULTIPLY_ON ok=1
Cmd: compileSnippet
  api=8 type=0 insize=886 outsize=9709 kw=DIRECTIONAL SHADOWS_SCREEN SHADOWS_NATIVE LIGHTMAP_OFF DIRLIGHTMAP_OFF DYNAMICLIGHTMAP_OFF VERTEXLIGHT_ON _ALPHAPREMULTIPLY_ON ok=1
Cmd: compileSnippet
  api=0 type=1 insize=886 outsize=6 kw=DIRECTIONAL SHADOWS_OFF LIGHTMAP_OFF DIRLIGHTMAP_OFF DYNAMICLIGHTMAP_OFF _METALLICGLOSSMAP ok=1
Cmd: compileSnippet
  api=0 type=1 insize=886 outsize=6 kw=DIRECTIONAL SHADOWS_SCREEN LIGHTMAP_OFF DIRLIGHTMAP_OFF DYNAMICLIGHTMAP_OFF _METALLICGLOSSMAP ok=1
Cmd: compileSnippet
  api=1 type=1 insize=886 outsize=1195 kw=DIRECTIONAL SHADOWS_SCREEN LIGHTMAP_OFF DIRLIGHTMAP_OFF DYNAMICLIGHTMAP_OFF _METALLICGLOSSMAP ok=1
Cmd: compileSnippet
  api=8 type=1 insize=886 outsize=6606 kw=DIRECTIONAL SHADOWS_SCREEN SHADOWS_NATIVE LIGHTMAP_OFF DIRLIGHTMAP_OFF DYNAMICLIGHTMAP_OFF _METALLICGLOSSMAP ok=1
Cmd: compileSnippet
  api=8 type=1 insize=886 outsize=6646 kw=DIRECTIONAL SHADOWS_SCREEN SHADOWS_NATIVE LIGHTMAP_OFF DIRLIGHTMAP_OFF DYNAMICLIGHTMAP_OFF _ALPHAPREMULTIPLY_ON ok=1
Cmd: compileSnippet
  api=1 type=0 insize=816 outsize=871 kw=POINT SHADOWS_OFF _METALLICGLOSSMAP ok=1
Cmd: compileSnippet
  api=0 type=0 insize=816 outsize=4560 kw=DIRECTIONAL SHADOWS_OFF _METALLICGLOSSMAP ok=1
Cmd: compileSnippet
  api=1 type=0 insize=816 outsize=871 kw=POINT_COOKIE SHADOWS_OFF _METALLICGLOSSMAP ok=1
Cmd: compileSnippet
  api=8 type=0 insize=816 outsize=7288 kw=POINT_COOKIE SHADOWS_OFF _METALLICGLOSSMAP ok=1
Cmd: compileSnippet
  api=4 type=0 insize=816 outsize=4881 kw=DIRECTIONAL_COOKIE SHADOWS_OFF _METALLICGLOSSMAP ok=1
Cmd: compileSnippet
  api=0 type=0 insize=816 outsize=5391 kw=SPOT SHADOWS_DEPTH SHADOWS_NATIVE _METALLICGLOSSMAP ok=1
Cmd: compileSnippet
  api=4 type=0 insize=816 outsize=5239 kw=DIRECTIONAL_COOKIE SHADOWS_SCREEN _METALLICGLOSSMAP ok=1
Cmd: compileSnippet
  api=1 type=0 insize=816 outsize=893 kw=POINT SHADOWS_CUBE _METALLICGLOSSMAP ok=1
Cmd: compileSnippet
  api=4 type=0 insize=816 outsize=5182 kw=POINT SHADOWS_CUBE _METALLICGLOSSMAP ok=1
Cmd: compileSnippet
  api=0 type=0 insize=816 outsize=5739 kw=POINT_COOKIE SHADOWS_CUBE _METALLICGLOSSMAP ok=1
Cmd: compileSnippet
  api=1 type=0 insize=816 outsize=781 kw=DIRECTIONAL SHADOWS_OFF _ALPHAPREMULTIPLY_ON ok=1
Cmd: compileSnippet
  api=8 type=0 insize=816 outsize=6086 kw=DIRECTIONAL SHADOWS_OFF _ALPHAPREMULTIPLY_ON ok=1
Cmd: compileSnippet
  api=1 type=0 insize=816 outsize=890 kw=SPOT SHADOWS_OFF _ALPHAPREMULTIPLY_ON ok=1
Cmd: compileSnippet
  api=8 type=0 insize=816 outsize=7288 kw=SPOT SHADOWS_OFF _ALPHAPREMULTIPLY_ON ok=1
Cmd: compileSnippet
  api=1 type=0 insize=816 outsize=871 kw=POINT_COOKIE SHADOWS_OFF _ALPHAPREMULTIPLY_ON ok=1
Cmd: compileSnippet
  api=8 type=0 insize=816 outsize=7288 kw=POINT_COOKIE SHADOWS_OFF _ALPHAPREMULTIPLY_ON ok=1
Cmd: compileSnippet
  api=1 type=0 insize=816 outsize=837 kw=DIRECTIONAL_COOKIE SHADOWS_OFF _ALPHAPREMULTIPLY_ON ok=1
Cmd: compileSnippet
  api=8 type=0 insize=816 outsize=7109 kw=DIRECTIONAL_COOKIE SHADOWS_OFF _ALPHAPREMULTIPLY_ON ok=1
Cmd: compileSnippet
  api=1 type=0 insize=816 outsize=967 kw=SPOT SHADOWS_DEPTH SHADOWS_NATIVE _ALPHAPREMULTIPLY_ON ok=1
Cmd: compileSnippet
  api=8 type=0 insize=816 outsize=7881 kw=SPOT SHADOWS_DEPTH SHADOWS_NATIVE _ALPHAPREMULTIPLY_ON ok=1
Cmd: compileSnippet
  api=1 type=0 insize=816 outsize=929 kw=DIRECTIONAL SHADOWS_SCREEN _ALPHAPREMULTIPLY_ON ok=1
Cmd: compileSnippet
  api=0 type=0 insize=816 outsize=5307 kw=DIRECTIONAL_COOKIE SHADOWS_SCREEN _ALPHAPREMULTIPLY_ON ok=1
Cmd: compileSnippet
  api=4 type=0 insize=816 outsize=5182 kw=POINT_COOKIE SHADOWS_CUBE _ALPHAPREMULTIPLY_ON ok=1
Cmd: compileSnippet
  api=8 type=0 insize=816 outsize=7142 kw=DIRECTIONAL SHADOWS_SCREEN SHADOWS_NATIVE _ALPHAPREMULTIPLY_ON ok=1
Cmd: compileSnippet
  api=8 type=1 insize=816 outsize=4509 kw=POINT SHADOWS_OFF _METALLICGLOSSMAP ok=1
Cmd: compileSnippet
  api=4 type=1 insize=816 outsize=3500 kw=SPOT SHADOWS_OFF _METALLICGLOSSMAP ok=1
Cmd: compileSnippet
  api=8 type=1 insize=816 outsize=4794 kw=POINT_COOKIE SHADOWS_OFF _METALLICGLOSSMAP ok=1
Cmd: compileSnippet
  api=0 type=1 insize=816 outsize=6 kw=SPOT SHADOWS_DEPTH SHADOWS_NATIVE _METALLICGLOSSMAP ok=1
Cmd: compileSnippet
  api=1 type=1 insize=816 outsize=1075 kw=SPOT SHADOWS_DEPTH SHADOWS_NATIVE _METALLICGLOSSMAP ok=1
Cmd: compileSnippet
  api=0 type=1 insize=816 outsize=6 kw=DIRECTIONAL SHADOWS_SCREEN _METALLICGLOSSMAP ok=1
Cmd: compileSnippet
  api=4 type=1 insize=816 outsize=3004 kw=DIRECTIONAL SHADOWS_SCREEN _METALLICGLOSSMAP ok=1
Cmd: compileSnippet
  api=0 type=1 insize=816 outsize=6 kw=POINT SHADOWS_CUBE _METALLICGLOSSMAP ok=1
Cmd: compileSnippet
  api=1 type=1 insize=816 outsize=1053 kw=POINT SHADOWS_CUBE _METALLICGLOSSMAP ok=1
Cmd: compileSnippet
  api=1 type=1 insize=816 outsize=1053 kw=POINT_COOKIE SHADOWS_CUBE _METALLICGLOSSMAP ok=1
Cmd: compileSnippet
  api=8 type=1 insize=816 outsize=5111 kw=DIRECTIONAL_COOKIE SHADOWS_SCREEN SHADOWS_NATIVE _METALLICGLOSSMAP ok=1
Cmd: compileSnippet
  api=4 type=1 insize=816 outsize=2639 kw=DIRECTIONAL SHADOWS_OFF _ALPHAPREMULTIPLY_ON ok=1
Cmd: compileSnippet
  api=4 type=1 insize=816 outsize=3451 kw=SPOT SHADOWS_OFF _ALPHAPREMULTIPLY_ON ok=1
Cmd: compileSnippet
  api=8 type=1 insize=816 outsize=4769 kw=POINT_COOKIE SHADOWS_OFF _ALPHAPREMULTIPLY_ON ok=1
Cmd: compileSnippet
  api=0 type=1 insize=816 outsize=6 kw=SPOT SHADOWS_DEPTH SHADOWS_NATIVE _ALPHAPREMULTIPLY_ON ok=1
Cmd: compileSnippet
  api=1 type=1 insize=816 outsize=1064 kw=SPOT SHADOWS_DEPTH SHADOWS_NATIVE _ALPHAPREMULTIPLY_ON ok=1
Cmd: compileSnippet
  api=4 type=1 insize=816 outsize=2956 kw=DIRECTIONAL SHADOWS_SCREEN _ALPHAPREMULTIPLY_ON ok=1
Cmd: compileSnippet
  api=0 type=1 insize=816 outsize=6 kw=POINT SHADOWS_CUBE _ALPHAPREMULTIPLY_ON ok=1
Cmd: compileSnippet
  api=1 type=1 insize=816 outsize=1039 kw=POINT SHADOWS_CUBE _ALPHAPREMULTIPLY_ON ok=1
Cmd: compileSnippet
  api=4 type=1 insize=816 outsize=3825 kw=POINT_COOKIE SHADOWS_CUBE _ALPHAPREMULTIPLY_ON ok=1
Cmd: compileSnippet
  api=8 type=0 insize=600 outsize=5728 kw=SHADOWS_DEPTH _ALPHAPREMULTIPLY_ON ok=1
Cmd: compileSnippet
  api=8 type=0 insize=600 outsize=2364 kw=SHADOWS_CUBE _ALPHAPREMULTIPLY_ON ok=1
Cmd: compileSnippet
  api=0 type=1 insize=600 outsize=6 kw=SHADOWS_DEPTH _ALPHAPREMULTIPLY_ON ok=1
Cmd: compileSnippet
  api=0 type=1 insize=600 outsize=6 kw=SHADOWS_CUBE _ALPHAPREMULTIPLY_ON ok=1
Cmd: compileSnippet
  api=1 type=1 insize=600 outsize=195 kw=SHADOWS_CUBE _ALPHAPREMULTIPLY_ON ok=1
Unhandled exception: Readfile from pipe failed. GLE=The pipe has been ended.


Quitting shader compiler process
