<<<<<<< HEAD
Base path: E:/Unity 5/Editor/Data
Pipe name: \\.\pipe\UnityShaderCompiler-32bit-1-9060
=======
<<<<<<< HEAD
Base path: E:/Developer/Applications/Editor/Data
Pipe name: \\.\pipe\UnityShaderCompiler-32bit-1-9532
=======
<<<<<<< HEAD
Base path: D:/Programs/Unity/Editor/Data
Pipe name: \\.\pipe\UnityShaderCompiler-32bit-1-7160
=======
<<<<<<< HEAD
Base path: E:/Unity 5/Editor/Data
Pipe name: \\.\pipe\UnityShaderCompiler-32bit-1-5524
=======
Base path: E:/Developer/Applications/Editor/Data
Pipe name: \\.\pipe\UnityShaderCompiler-32bit-1-2280
>>>>>>> 216450eaee1eced28635b2e4518b87748535e757
>>>>>>> fa96a298837f7a7894de4b4c2d3924e7f54fb5e0
>>>>>>> c70178c6438d98a84000dec5c5afe01ed7e3a137
>>>>>>> 9b87f9c93f85666d435e3b20c261d72742d2c408
Cmd: getPlatforms
Unhandled exception: Readfile from pipe failed. GLE=The pipe has been ended.


Quitting shader compiler process
